<?xml version="1.0" encoding="UTF-8"?>
<!-- Generated by org.testng.reporters.JUnitXMLReporter -->
<testsuite hostname="INPF0YTWR2" ignored="0" name="Default test" tests="2" failures="0" timestamp="24 Apr 2019 13:51:14 GMT" time="577.422" errors="0">
  <testcase name="checkpatientfieldsettings" time="423.2" classname="UGregresssionpack.regtest4"/>
  <testcase name="checkpatientfieldsettingsfortemppatinet" time="154.147" classname="UGregresssionpack.regtest4"/>
</testsuite> <!-- Default test -->
