<?xml version="1.0" encoding="UTF-8"?>
<!-- Generated by org.testng.reporters.JUnitXMLReporter -->
<testsuite hostname="DXCINDAI685191" ignored="0" name="Smoketest1" tests="4" failures="0" timestamp="17 Apr 2019 09:33:03 GMT" time="115.565" errors="0">
  <testcase name="testloginuser" time="28.083" classname="AllUgsmoketest.Smoketest1"/>
  <testcase name="ClickonCentralSetupandlogoutfunc" time="13.413" classname="AllUgsmoketest.Smoketest1"/>
  <testcase name="ClickonDepartmentalsetupandlogout" time="26.385" classname="AllUgsmoketest.Smoketest1"/>
  <testcase name="Clickonschedule" time="42.12" classname="AllUgsmoketest.Smoketest1"/>
</testsuite> <!-- Smoketest1 -->
