<?xml version="1.0" encoding="UTF-8"?>
<!-- Generated by org.testng.reporters.JUnitXMLReporter -->
<testsuite hostname="INPF0YTWR2" ignored="0" name="Smoketest3" tests="3" failures="0" timestamp="25 Apr 2019 11:39:04 GMT" time="130.467" errors="0">
  <testcase name="ClickonDefinitionTableandClickonProgram" time="56.419" classname="AllUgsmoketest.Smoketest3"/>
  <testcase name="CreateNewProgramandUpdateProgram" time="41.262" classname="AllUgsmoketest.Smoketest3"/>
  <testcase name="CreateNewAppointmenttypeandUpdateAppointmenttype" time="32.705" classname="AllUgsmoketest.Smoketest3"/>
</testsuite> <!-- Smoketest3 -->
